# JRE version: Java(TM) SE Runtime Environment (23.0.2+7) (build 23.0.2+7-58)
# Java VM: Java HotSpot(TM) 64-Bit Server VM (23.0.2+7-58, mixed mode, emulated-client, sharing, tiered, compressed oops, compressed class ptrs, g1 gc, windows-amd64)
GC Precious Log:
 CardTable entry size: 512
 Card Set container configuration: InlinePtr #cards 4 size 8 Array Of Cards #cards 16 size 48 Howl #buckets 8 coarsen threshold 3686 Howl Bitmap #cards 512 size 80 coarsen threshold 460 Card regions per heap region 1 cards per card region 4096
 CPUs: 12 total, 12 available
 Memory: 16036M
 Large Page Support: Disabled
 NUMA Support: Disabled
 Compressed Oops: Enabled (Zero based)
 Heap Region Size: 2M
 Heap Min Capacity: 8M
 Heap Initial Capacity: 252M
 Heap Max Capacity: 4010M
 Pre-touch: Disabled
 Parallel Workers: 10
 Concurrent Workers: 3
 Concurrent Refinement Workers: 10
 Periodic GC: Disabled
Heap:
 garbage-first heap   total reserved 4106240K, committed 90112K, used 52488K [0x0000000705600000, 0x0000000800000000)
  region size 2048K, 9 young (18432K), 2 survivors (4096K)
 Metaspace       used 84523K, committed 85696K, reserved 1179648K
  class space    used 12553K, committed 12992K, reserved 1048576K
GC Heap History (20 events):
Event: 9.893 GC heap before
{Heap before GC invocations=19 (full 0):
 garbage-first heap   total reserved 4106240K, committed 90112K, used 79180K [0x0000000705600000, 0x0000000800000000)
  region size 2048K, 22 young (45056K), 1 survivors (2048K)
 Metaspace       used 76298K, committed 77056K, reserved 1179648K
  class space    used 11369K, committed 11712K, reserved 1048576K
}
Event: 9.898 GC heap after
{Heap after GC invocations=20 (full 0):
 garbage-first heap   total reserved 4106240K, committed 90112K, used 38951K [0x0000000705600000, 0x0000000800000000)
  region size 2048K, 2 young (4096K), 2 survivors (4096K)
 Metaspace       used 76298K, committed 77056K, reserved 1179648K
  class space    used 11369K, committed 11712K, reserved 1048576K
}
Event: 53.625 GC heap before
{Heap before GC invocations=20 (full 0):
 garbage-first heap   total reserved 4106240K, committed 90112K, used 77863K [0x0000000705600000, 0x0000000800000000)
  region size 2048K, 21 young (43008K), 2 survivors (4096K)
 Metaspace       used 82343K, committed 83136K, reserved 1179648K
  class space    used 12266K, committed 12608K, reserved 1048576K
}
Event: 53.713 GC heap after
{Heap after GC invocations=21 (full 0):
 garbage-first heap   total reserved 4106240K, committed 90112K, used 41570K [0x0000000705600000, 0x0000000800000000)
  region size 2048K, 3 young (6144K), 3 survivors (6144K)
 Metaspace       used 82343K, committed 83136K, reserved 1179648K
  class space    used 12266K, committed 12608K, reserved 1048576K
}
Event: 1070.842 GC heap before
{Heap before GC invocations=21 (full 0):
 garbage-first heap   total reserved 4106240K, committed 90112K, used 74338K [0x0000000705600000, 0x0000000800000000)
  region size 2048K, 20 young (40960K), 3 survivors (6144K)
 Metaspace       used 84863K, committed 85696K, reserved 1179648K
  class space    used 12649K, committed 12992K, reserved 1048576K
}
Event: 1070.935 GC heap after
{Heap after GC invocations=22 (full 0):
 garbage-first heap   total reserved 4106240K, committed 90112K, used 43383K [0x0000000705600000, 0x0000000800000000)
  region size 2048K, 1 young (2048K), 1 survivors (2048K)
 Metaspace       used 84863K, committed 85696K, reserved 1179648K
  class space    used 12649K, committed 12992K, reserved 1048576K
}
Event: 2006.106 GC heap before
{Heap before GC invocations=23 (full 0):
 garbage-first heap   total reserved 4106240K, committed 90112K, used 78199K [0x0000000705600000, 0x0000000800000000)
  region size 2048K, 19 young (38912K), 1 survivors (2048K)
 Metaspace       used 84648K, committed 85696K, reserved 1179648K
  class space    used 12588K, committed 12992K, reserved 1048576K
}
Event: 2006.242 GC heap after
{Heap after GC invocations=24 (full 0):
 garbage-first heap   total reserved 4106240K, committed 90112K, used 44014K [0x0000000705600000, 0x0000000800000000)
  region size 2048K, 1 young (2048K), 1 survivors (2048K)
 Metaspace       used 84648K, committed 85696K, reserved 1179648K
  class space    used 12588K, committed 12992K, reserved 1048576K
}
Event: 3541.424 GC heap before
{Heap before GC invocations=24 (full 0):
 garbage-first heap   total reserved 4106240K, committed 90112K, used 78830K [0x0000000705600000, 0x0000000800000000)
  region size 2048K, 19 young (38912K), 1 survivors (2048K)
 Metaspace       used 84650K, committed 85696K, reserved 1179648K
  class space    used 12588K, committed 12992K, reserved 1048576K
}
Event: 3541.586 GC heap after
{Heap after GC invocations=25 (full 0):
 garbage-first heap   total reserved 4106240K, committed 90112K, used 42442K [0x0000000705600000, 0x0000000800000000)
  region size 2048K, 1 young (2048K), 1 survivors (2048K)
 Metaspace       used 84650K, committed 85696K, reserved 1179648K
  class space    used 12588K, committed 12992K, reserved 1048576K
}
Event: 4716.482 GC heap before
{Heap before GC invocations=25 (full 0):
 garbage-first heap   total reserved 4106240K, committed 90112K, used 81354K [0x0000000705600000, 0x0000000800000000)
  region size 2048K, 20 young (40960K), 1 survivors (2048K)
 Metaspace       used 84650K, committed 85696K, reserved 1179648K
  class space    used 12588K, committed 12992K, reserved 1048576K
}
Event: 4716.559 GC heap after
{Heap after GC invocations=26 (full 0):
 garbage-first heap   total reserved 4106240K, committed 90112K, used 42464K [0x0000000705600000, 0x0000000800000000)
  region size 2048K, 1 young (2048K), 1 survivors (2048K)
 Metaspace       used 84650K, committed 85696K, reserved 1179648K
  class space    used 12588K, committed 12992K, reserved 1048576K
}
Event: 5629.779 GC heap before
{Heap before GC invocations=27 (full 0):
 garbage-first heap   total reserved 4106240K, committed 90112K, used 81376K [0x0000000705600000, 0x0000000800000000)
  region size 2048K, 20 young (40960K), 1 survivors (2048K)
 Metaspace       used 84498K, committed 85696K, reserved 1179648K
  class space    used 12546K, committed 12992K, reserved 1048576K
}
Event: 5629.796 GC heap after
{Heap after GC invocations=28 (full 0):
 garbage-first heap   total reserved 4106240K, committed 90112K, used 42463K [0x0000000705600000, 0x0000000800000000)
  region size 2048K, 1 young (2048K), 1 survivors (2048K)
 Metaspace       used 84498K, committed 85696K, reserved 1179648K
  class space    used 12546K, committed 12992K, reserved 1048576K
}
Event: 7162.411 GC heap before
{Heap before GC invocations=28 (full 0):
 garbage-first heap   total reserved 4106240K, committed 90112K, used 81375K [0x0000000705600000, 0x0000000800000000)
  region size 2048K, 20 young (40960K), 1 survivors (2048K)
 Metaspace       used 84498K, committed 85696K, reserved 1179648K
  class space    used 12546K, committed 12992K, reserved 1048576K
}
Event: 7162.512 GC heap after
{Heap after GC invocations=29 (full 0):
 garbage-first heap   total reserved 4106240K, committed 90112K, used 38515K [0x0000000705600000, 0x0000000800000000)
  region size 2048K, 1 young (2048K), 1 survivors (2048K)
 Metaspace       used 84498K, committed 85696K, reserved 1179648K
  class space    used 12546K, committed 12992K, reserved 1048576K
}
Event: 49088.577 GC heap before
{Heap before GC invocations=29 (full 0):
 garbage-first heap   total reserved 4106240K, committed 90112K, used 81523K [0x0000000705600000, 0x0000000800000000)
  region size 2048K, 22 young (45056K), 1 survivors (2048K)
 Metaspace       used 84501K, committed 85696K, reserved 1179648K
  class space    used 12547K, committed 12992K, reserved 1048576K
}
Event: 49088.696 GC heap after
{Heap after GC invocations=30 (full 0):
 garbage-first heap   total reserved 4106240K, committed 90112K, used 38403K [0x0000000705600000, 0x0000000800000000)
  region size 2048K, 1 young (2048K), 1 survivors (2048K)
 Metaspace       used 84501K, committed 85696K, reserved 1179648K
  class space    used 12547K, committed 12992K, reserved 1048576K
}
Event: 67002.700 GC heap before
{Heap before GC invocations=30 (full 0):
 garbage-first heap   total reserved 4106240K, committed 90112K, used 81411K [0x0000000705600000, 0x0000000800000000)
  region size 2048K, 22 young (45056K), 1 survivors (2048K)
 Metaspace       used 84523K, committed 85696K, reserved 1179648K
  class space    used 12553K, committed 12992K, reserved 1048576K
}
Event: 67002.837 GC heap after
{Heap after GC invocations=31 (full 0):
 garbage-first heap   total reserved 4106240K, committed 90112K, used 40200K [0x0000000705600000, 0x0000000800000000)
  region size 2048K, 2 young (4096K), 2 survivors (4096K)
 Metaspace       used 84523K, committed 85696K, reserved 1179648K
  class space    used 12553K, committed 12992K, reserved 1048576K
}

